{"C:\\Dev\\npm-dashboard\\src\\components\\package.tsx": {"path":"C:\\Dev\\npm-dashboard\\src\\components\\package.tsx","statementMap":{"0":{"start":{"line":7,"column":15},"end":{"line":7,"column":38}},"1":{"start":{"line":9,"column":2},"end":{"line":20,"column":4}},"2":{"start":{"line":23,"column":0},"end":{"line":23,"column":23}}},"fnMap":{"0":{"name":"Package","decl":{"start":{"line":6,"column":9},"end":{"line":6,"column":16}},"loc":{"start":{"line":6,"column":50},"end":{"line":21,"column":1}}}},"branchMap":{},"s":{"0":1,"1":1,"2":1},"f":{"0":1},"b":{}}
}
